Start testing: Feb 05 15:56 +10
----------------------------------------------------------
1/6 Testing: copyright
1/6 Test: copyright
Command: "/usr/bin/python3" "-u" "/home/msurkip/ros2_foxy/ros2-linux/share/ament_cmake_test/cmake/run_test.py" "/home/msurkip/ros2_ws/build/examples_rclcpp_multithreaded_executor/test_results/examples_rclcpp_multithreaded_executor/copyright.xunit.xml" "--package-name" "examples_rclcpp_multithreaded_executor" "--output-file" "/home/msurkip/ros2_ws/build/examples_rclcpp_multithreaded_executor/ament_copyright/copyright.txt" "--command" "/home/msurkip/ros2_foxy/ros2-linux/bin/ament_copyright" "--xunit-file" "/home/msurkip/ros2_ws/build/examples_rclcpp_multithreaded_executor/test_results/examples_rclcpp_multithreaded_executor/copyright.xunit.xml"
Directory: /home/msurkip/ros2_ws/src/examples/rclcpp/executors/multithreaded_executor
"copyright" start time: Feb 05 15:56 +10
Output:
----------------------------------------------------------
-- run_test.py: invoking following command in '/home/msurkip/ros2_ws/src/examples/rclcpp/executors/multithreaded_executor':
 - /home/msurkip/ros2_foxy/ros2-linux/bin/ament_copyright --xunit-file /home/msurkip/ros2_ws/build/examples_rclcpp_multithreaded_executor/test_results/examples_rclcpp_multithreaded_executor/copyright.xunit.xml
No problems found, checked 1 files
-- run_test.py: return code 0
-- run_test.py: verify result file '/home/msurkip/ros2_ws/build/examples_rclcpp_multithreaded_executor/test_results/examples_rclcpp_multithreaded_executor/copyright.xunit.xml'
<end of output>
Test time =   0.30 sec
----------------------------------------------------------
Test Passed.
"copyright" end time: Feb 05 15:56 +10
"copyright" time elapsed: 00:00:00
----------------------------------------------------------

2/6 Testing: cppcheck
2/6 Test: cppcheck
Command: "/usr/bin/python3" "-u" "/home/msurkip/ros2_foxy/ros2-linux/share/ament_cmake_test/cmake/run_test.py" "/home/msurkip/ros2_ws/build/examples_rclcpp_multithreaded_executor/test_results/examples_rclcpp_multithreaded_executor/cppcheck.xunit.xml" "--package-name" "examples_rclcpp_multithreaded_executor" "--output-file" "/home/msurkip/ros2_ws/build/examples_rclcpp_multithreaded_executor/ament_cppcheck/cppcheck.txt" "--command" "/home/msurkip/ros2_foxy/ros2-linux/bin/ament_cppcheck" "--xunit-file" "/home/msurkip/ros2_ws/build/examples_rclcpp_multithreaded_executor/test_results/examples_rclcpp_multithreaded_executor/cppcheck.xunit.xml"
Directory: /home/msurkip/ros2_ws/src/examples/rclcpp/executors/multithreaded_executor
"cppcheck" start time: Feb 05 15:56 +10
Output:
----------------------------------------------------------
-- run_test.py: invoking following command in '/home/msurkip/ros2_ws/src/examples/rclcpp/executors/multithreaded_executor':
 - /home/msurkip/ros2_foxy/ros2-linux/bin/ament_cppcheck --xunit-file /home/msurkip/ros2_ws/build/examples_rclcpp_multithreaded_executor/test_results/examples_rclcpp_multithreaded_executor/cppcheck.xunit.xml
No problems found
-- run_test.py: return code 0
-- run_test.py: verify result file '/home/msurkip/ros2_ws/build/examples_rclcpp_multithreaded_executor/test_results/examples_rclcpp_multithreaded_executor/cppcheck.xunit.xml'
<end of output>
Test time =   0.18 sec
----------------------------------------------------------
Test Passed.
"cppcheck" end time: Feb 05 15:56 +10
"cppcheck" time elapsed: 00:00:00
----------------------------------------------------------

3/6 Testing: cpplint
3/6 Test: cpplint
Command: "/usr/bin/python3" "-u" "/home/msurkip/ros2_foxy/ros2-linux/share/ament_cmake_test/cmake/run_test.py" "/home/msurkip/ros2_ws/build/examples_rclcpp_multithreaded_executor/test_results/examples_rclcpp_multithreaded_executor/cpplint.xunit.xml" "--package-name" "examples_rclcpp_multithreaded_executor" "--output-file" "/home/msurkip/ros2_ws/build/examples_rclcpp_multithreaded_executor/ament_cpplint/cpplint.txt" "--command" "/home/msurkip/ros2_foxy/ros2-linux/bin/ament_cpplint" "--xunit-file" "/home/msurkip/ros2_ws/build/examples_rclcpp_multithreaded_executor/test_results/examples_rclcpp_multithreaded_executor/cpplint.xunit.xml"
Directory: /home/msurkip/ros2_ws/src/examples/rclcpp/executors/multithreaded_executor
"cpplint" start time: Feb 05 15:56 +10
Output:
----------------------------------------------------------
-- run_test.py: invoking following command in '/home/msurkip/ros2_ws/src/examples/rclcpp/executors/multithreaded_executor':
 - /home/msurkip/ros2_foxy/ros2-linux/bin/ament_cpplint --xunit-file /home/msurkip/ros2_ws/build/examples_rclcpp_multithreaded_executor/test_results/examples_rclcpp_multithreaded_executor/cpplint.xunit.xml
Using '--root=..' argument

Done processing /home/msurkip/ros2_ws/src/examples/rclcpp/executors/multithreaded_executor/multithreaded_executor.cpp

No problems found
-- run_test.py: return code 0
-- run_test.py: verify result file '/home/msurkip/ros2_ws/build/examples_rclcpp_multithreaded_executor/test_results/examples_rclcpp_multithreaded_executor/cpplint.xunit.xml'
<end of output>
Test time =   0.29 sec
----------------------------------------------------------
Test Passed.
"cpplint" end time: Feb 05 15:56 +10
"cpplint" time elapsed: 00:00:00
----------------------------------------------------------

4/6 Testing: lint_cmake
4/6 Test: lint_cmake
Command: "/usr/bin/python3" "-u" "/home/msurkip/ros2_foxy/ros2-linux/share/ament_cmake_test/cmake/run_test.py" "/home/msurkip/ros2_ws/build/examples_rclcpp_multithreaded_executor/test_results/examples_rclcpp_multithreaded_executor/lint_cmake.xunit.xml" "--package-name" "examples_rclcpp_multithreaded_executor" "--output-file" "/home/msurkip/ros2_ws/build/examples_rclcpp_multithreaded_executor/ament_lint_cmake/lint_cmake.txt" "--command" "/home/msurkip/ros2_foxy/ros2-linux/bin/ament_lint_cmake" "--xunit-file" "/home/msurkip/ros2_ws/build/examples_rclcpp_multithreaded_executor/test_results/examples_rclcpp_multithreaded_executor/lint_cmake.xunit.xml"
Directory: /home/msurkip/ros2_ws/src/examples/rclcpp/executors/multithreaded_executor
"lint_cmake" start time: Feb 05 15:56 +10
Output:
----------------------------------------------------------
-- run_test.py: invoking following command in '/home/msurkip/ros2_ws/src/examples/rclcpp/executors/multithreaded_executor':
 - /home/msurkip/ros2_foxy/ros2-linux/bin/ament_lint_cmake --xunit-file /home/msurkip/ros2_ws/build/examples_rclcpp_multithreaded_executor/test_results/examples_rclcpp_multithreaded_executor/lint_cmake.xunit.xml

No problems found
-- run_test.py: return code 0
-- run_test.py: verify result file '/home/msurkip/ros2_ws/build/examples_rclcpp_multithreaded_executor/test_results/examples_rclcpp_multithreaded_executor/lint_cmake.xunit.xml'
<end of output>
Test time =   0.25 sec
----------------------------------------------------------
Test Passed.
"lint_cmake" end time: Feb 05 15:56 +10
"lint_cmake" time elapsed: 00:00:00
----------------------------------------------------------

5/6 Testing: uncrustify
5/6 Test: uncrustify
Command: "/usr/bin/python3" "-u" "/home/msurkip/ros2_foxy/ros2-linux/share/ament_cmake_test/cmake/run_test.py" "/home/msurkip/ros2_ws/build/examples_rclcpp_multithreaded_executor/test_results/examples_rclcpp_multithreaded_executor/uncrustify.xunit.xml" "--package-name" "examples_rclcpp_multithreaded_executor" "--output-file" "/home/msurkip/ros2_ws/build/examples_rclcpp_multithreaded_executor/ament_uncrustify/uncrustify.txt" "--command" "/home/msurkip/ros2_foxy/ros2-linux/bin/ament_uncrustify" "--xunit-file" "/home/msurkip/ros2_ws/build/examples_rclcpp_multithreaded_executor/test_results/examples_rclcpp_multithreaded_executor/uncrustify.xunit.xml"
Directory: /home/msurkip/ros2_ws/src/examples/rclcpp/executors/multithreaded_executor
"uncrustify" start time: Feb 05 15:56 +10
Output:
----------------------------------------------------------
-- run_test.py: invoking following command in '/home/msurkip/ros2_ws/src/examples/rclcpp/executors/multithreaded_executor':
 - /home/msurkip/ros2_foxy/ros2-linux/bin/ament_uncrustify --xunit-file /home/msurkip/ros2_ws/build/examples_rclcpp_multithreaded_executor/test_results/examples_rclcpp_multithreaded_executor/uncrustify.xunit.xml
No code style divergence in file 'multithreaded_executor.cpp'

No problems found
-- run_test.py: return code 0
-- run_test.py: verify result file '/home/msurkip/ros2_ws/build/examples_rclcpp_multithreaded_executor/test_results/examples_rclcpp_multithreaded_executor/uncrustify.xunit.xml'
<end of output>
Test time =   0.26 sec
----------------------------------------------------------
Test Passed.
"uncrustify" end time: Feb 05 15:56 +10
"uncrustify" time elapsed: 00:00:00
----------------------------------------------------------

6/6 Testing: xmllint
6/6 Test: xmllint
Command: "/usr/bin/python3" "-u" "/home/msurkip/ros2_foxy/ros2-linux/share/ament_cmake_test/cmake/run_test.py" "/home/msurkip/ros2_ws/build/examples_rclcpp_multithreaded_executor/test_results/examples_rclcpp_multithreaded_executor/xmllint.xunit.xml" "--package-name" "examples_rclcpp_multithreaded_executor" "--output-file" "/home/msurkip/ros2_ws/build/examples_rclcpp_multithreaded_executor/ament_xmllint/xmllint.txt" "--command" "/home/msurkip/ros2_foxy/ros2-linux/bin/ament_xmllint" "--xunit-file" "/home/msurkip/ros2_ws/build/examples_rclcpp_multithreaded_executor/test_results/examples_rclcpp_multithreaded_executor/xmllint.xunit.xml"
Directory: /home/msurkip/ros2_ws/src/examples/rclcpp/executors/multithreaded_executor
"xmllint" start time: Feb 05 15:56 +10
Output:
----------------------------------------------------------
-- run_test.py: invoking following command in '/home/msurkip/ros2_ws/src/examples/rclcpp/executors/multithreaded_executor':
 - /home/msurkip/ros2_foxy/ros2-linux/bin/ament_xmllint --xunit-file /home/msurkip/ros2_ws/build/examples_rclcpp_multithreaded_executor/test_results/examples_rclcpp_multithreaded_executor/xmllint.xunit.xml
File 'package.xml' is valid

No problems found
-- run_test.py: return code 0
-- run_test.py: verify result file '/home/msurkip/ros2_ws/build/examples_rclcpp_multithreaded_executor/test_results/examples_rclcpp_multithreaded_executor/xmllint.xunit.xml'
<end of output>
Test time =   0.96 sec
----------------------------------------------------------
Test Passed.
"xmllint" end time: Feb 05 15:56 +10
"xmllint" time elapsed: 00:00:00
----------------------------------------------------------

End testing: Feb 05 15:56 +10

copyright =   0.30 sec*proc

cppcheck =   0.18 sec*proc

cpplint =   0.29 sec*proc

lint_cmake =   0.25 sec*proc

linter =   2.24 sec*proc

uncrustify =   0.26 sec*proc

xmllint =   0.96 sec*proc

