<?xml version="1.0" encoding="UTF-8"?>
<Site BuildName="(empty)"
	BuildStamp="20230205-0556-Experimental"
	Name="msurkip-VirtualBox"
	Generator="ctest-3.16.3"
	CompilerName="/usr/bin/c++"
	CompilerVersion="9.4.0"
	OSName="Linux"
	Hostname="msurkip-VirtualBox"
	OSRelease="5.15.0-58-generic"
	OSVersion="#64~20.04.1-Ubuntu SMP Fri Jan 6 16:42:31 UTC 2023"
	OSPlatform="x86_64"
	Is64Bits="1"
	VendorString="GenuineIntel"
	VendorID="Intel Corporation"
	FamilyID="6"
	ModelID="141"
	ProcessorCacheSize="24576"
	NumberOfLogicalCPU="8"
	NumberOfPhysicalCPU="8"
	TotalVirtualMemory="1401"
	TotalPhysicalMemory="9952"
	LogicalProcessorsPerPhysical="1"
	ProcessorClockFrequency="2304"
	>
	<Testing>
		<StartDateTime>Feb 05 15:56 +10</StartDateTime>
		<StartTestTime>1675576568</StartTestTime>
		<TestList>
			<Test>./copyright</Test>
			<Test>./cppcheck</Test>
			<Test>./cpplint</Test>
			<Test>./lint_cmake</Test>
			<Test>./uncrustify</Test>
			<Test>./xmllint</Test>
		</TestList>
		<Test Status="passed">
			<Name>copyright</Name>
			<Path>.</Path>
			<FullName>./copyright</FullName>
			<FullCommandLine>/usr/bin/python3 "-u" "/home/msurkip/ros2_foxy/ros2-linux/share/ament_cmake_test/cmake/run_test.py" "/home/msurkip/ros2_ws/build/examples_rclcpp_minimal_action_client/test_results/examples_rclcpp_minimal_action_client/copyright.xunit.xml" "--package-name" "examples_rclcpp_minimal_action_client" "--output-file" "/home/msurkip/ros2_ws/build/examples_rclcpp_minimal_action_client/ament_copyright/copyright.txt" "--command" "/home/msurkip/ros2_foxy/ros2-linux/bin/ament_copyright" "--xunit-file" "/home/msurkip/ros2_ws/build/examples_rclcpp_minimal_action_client/test_results/examples_rclcpp_minimal_action_client/copyright.xunit.xml"</FullCommandLine>
			<Results>
				<NamedMeasurement type="numeric/double" name="Execution Time">
					<Value>0.315558</Value>
				</NamedMeasurement>
				<NamedMeasurement type="numeric/double" name="Processors">
					<Value>1</Value>
				</NamedMeasurement>
				<NamedMeasurement type="text/string" name="Completion Status">
					<Value>Completed</Value>
				</NamedMeasurement>
				<NamedMeasurement type="text/string" name="Command Line">
					<Value>/usr/bin/python3 "-u" "/home/msurkip/ros2_foxy/ros2-linux/share/ament_cmake_test/cmake/run_test.py" "/home/msurkip/ros2_ws/build/examples_rclcpp_minimal_action_client/test_results/examples_rclcpp_minimal_action_client/copyright.xunit.xml" "--package-name" "examples_rclcpp_minimal_action_client" "--output-file" "/home/msurkip/ros2_ws/build/examples_rclcpp_minimal_action_client/ament_copyright/copyright.txt" "--command" "/home/msurkip/ros2_foxy/ros2-linux/bin/ament_copyright" "--xunit-file" "/home/msurkip/ros2_ws/build/examples_rclcpp_minimal_action_client/test_results/examples_rclcpp_minimal_action_client/copyright.xunit.xml"</Value>
				</NamedMeasurement>
				<Measurement>
					<Value>-- run_test.py: invoking following command in '/home/msurkip/ros2_ws/src/examples/rclcpp/actions/minimal_action_client':
 - /home/msurkip/ros2_foxy/ros2-linux/bin/ament_copyright --xunit-file /home/msurkip/ros2_ws/build/examples_rclcpp_minimal_action_client/test_results/examples_rclcpp_minimal_action_client/copyright.xunit.xml
No problems found, checked 4 files
-- run_test.py: return code 0
-- run_test.py: verify result file '/home/msurkip/ros2_ws/build/examples_rclcpp_minimal_action_client/test_results/examples_rclcpp_minimal_action_client/copyright.xunit.xml'
</Value>
				</Measurement>
			</Results>
			<Labels>
				<Label>copyright</Label>
				<Label>linter</Label>
			</Labels>
		</Test>
		<Test Status="passed">
			<Name>cppcheck</Name>
			<Path>.</Path>
			<FullName>./cppcheck</FullName>
			<FullCommandLine>/usr/bin/python3 "-u" "/home/msurkip/ros2_foxy/ros2-linux/share/ament_cmake_test/cmake/run_test.py" "/home/msurkip/ros2_ws/build/examples_rclcpp_minimal_action_client/test_results/examples_rclcpp_minimal_action_client/cppcheck.xunit.xml" "--package-name" "examples_rclcpp_minimal_action_client" "--output-file" "/home/msurkip/ros2_ws/build/examples_rclcpp_minimal_action_client/ament_cppcheck/cppcheck.txt" "--command" "/home/msurkip/ros2_foxy/ros2-linux/bin/ament_cppcheck" "--xunit-file" "/home/msurkip/ros2_ws/build/examples_rclcpp_minimal_action_client/test_results/examples_rclcpp_minimal_action_client/cppcheck.xunit.xml"</FullCommandLine>
			<Results>
				<NamedMeasurement type="numeric/double" name="Execution Time">
					<Value>0.170296</Value>
				</NamedMeasurement>
				<NamedMeasurement type="numeric/double" name="Processors">
					<Value>1</Value>
				</NamedMeasurement>
				<NamedMeasurement type="text/string" name="Completion Status">
					<Value>Completed</Value>
				</NamedMeasurement>
				<NamedMeasurement type="text/string" name="Command Line">
					<Value>/usr/bin/python3 "-u" "/home/msurkip/ros2_foxy/ros2-linux/share/ament_cmake_test/cmake/run_test.py" "/home/msurkip/ros2_ws/build/examples_rclcpp_minimal_action_client/test_results/examples_rclcpp_minimal_action_client/cppcheck.xunit.xml" "--package-name" "examples_rclcpp_minimal_action_client" "--output-file" "/home/msurkip/ros2_ws/build/examples_rclcpp_minimal_action_client/ament_cppcheck/cppcheck.txt" "--command" "/home/msurkip/ros2_foxy/ros2-linux/bin/ament_cppcheck" "--xunit-file" "/home/msurkip/ros2_ws/build/examples_rclcpp_minimal_action_client/test_results/examples_rclcpp_minimal_action_client/cppcheck.xunit.xml"</Value>
				</NamedMeasurement>
				<Measurement>
					<Value>-- run_test.py: invoking following command in '/home/msurkip/ros2_ws/src/examples/rclcpp/actions/minimal_action_client':
 - /home/msurkip/ros2_foxy/ros2-linux/bin/ament_cppcheck --xunit-file /home/msurkip/ros2_ws/build/examples_rclcpp_minimal_action_client/test_results/examples_rclcpp_minimal_action_client/cppcheck.xunit.xml
No problems found
-- run_test.py: return code 0
-- run_test.py: verify result file '/home/msurkip/ros2_ws/build/examples_rclcpp_minimal_action_client/test_results/examples_rclcpp_minimal_action_client/cppcheck.xunit.xml'
</Value>
				</Measurement>
			</Results>
			<Labels>
				<Label>cppcheck</Label>
				<Label>linter</Label>
			</Labels>
		</Test>
		<Test Status="passed">
			<Name>cpplint</Name>
			<Path>.</Path>
			<FullName>./cpplint</FullName>
			<FullCommandLine>/usr/bin/python3 "-u" "/home/msurkip/ros2_foxy/ros2-linux/share/ament_cmake_test/cmake/run_test.py" "/home/msurkip/ros2_ws/build/examples_rclcpp_minimal_action_client/test_results/examples_rclcpp_minimal_action_client/cpplint.xunit.xml" "--package-name" "examples_rclcpp_minimal_action_client" "--output-file" "/home/msurkip/ros2_ws/build/examples_rclcpp_minimal_action_client/ament_cpplint/cpplint.txt" "--command" "/home/msurkip/ros2_foxy/ros2-linux/bin/ament_cpplint" "--xunit-file" "/home/msurkip/ros2_ws/build/examples_rclcpp_minimal_action_client/test_results/examples_rclcpp_minimal_action_client/cpplint.xunit.xml"</FullCommandLine>
			<Results>
				<NamedMeasurement type="numeric/double" name="Execution Time">
					<Value>0.214675</Value>
				</NamedMeasurement>
				<NamedMeasurement type="numeric/double" name="Processors">
					<Value>1</Value>
				</NamedMeasurement>
				<NamedMeasurement type="text/string" name="Completion Status">
					<Value>Completed</Value>
				</NamedMeasurement>
				<NamedMeasurement type="text/string" name="Command Line">
					<Value>/usr/bin/python3 "-u" "/home/msurkip/ros2_foxy/ros2-linux/share/ament_cmake_test/cmake/run_test.py" "/home/msurkip/ros2_ws/build/examples_rclcpp_minimal_action_client/test_results/examples_rclcpp_minimal_action_client/cpplint.xunit.xml" "--package-name" "examples_rclcpp_minimal_action_client" "--output-file" "/home/msurkip/ros2_ws/build/examples_rclcpp_minimal_action_client/ament_cpplint/cpplint.txt" "--command" "/home/msurkip/ros2_foxy/ros2-linux/bin/ament_cpplint" "--xunit-file" "/home/msurkip/ros2_ws/build/examples_rclcpp_minimal_action_client/test_results/examples_rclcpp_minimal_action_client/cpplint.xunit.xml"</Value>
				</NamedMeasurement>
				<Measurement>
					<Value>-- run_test.py: invoking following command in '/home/msurkip/ros2_ws/src/examples/rclcpp/actions/minimal_action_client':
 - /home/msurkip/ros2_foxy/ros2-linux/bin/ament_cpplint --xunit-file /home/msurkip/ros2_ws/build/examples_rclcpp_minimal_action_client/test_results/examples_rclcpp_minimal_action_client/cpplint.xunit.xml
Using '--root=..' argument

Done processing /home/msurkip/ros2_ws/src/examples/rclcpp/actions/minimal_action_client/member_functions.cpp

Done processing /home/msurkip/ros2_ws/src/examples/rclcpp/actions/minimal_action_client/not_composable.cpp

Done processing /home/msurkip/ros2_ws/src/examples/rclcpp/actions/minimal_action_client/not_composable_with_cancel.cpp

Done processing /home/msurkip/ros2_ws/src/examples/rclcpp/actions/minimal_action_client/not_composable_with_feedback.cpp

No problems found
-- run_test.py: return code 0
-- run_test.py: verify result file '/home/msurkip/ros2_ws/build/examples_rclcpp_minimal_action_client/test_results/examples_rclcpp_minimal_action_client/cpplint.xunit.xml'
</Value>
				</Measurement>
			</Results>
			<Labels>
				<Label>cpplint</Label>
				<Label>linter</Label>
			</Labels>
		</Test>
		<Test Status="passed">
			<Name>lint_cmake</Name>
			<Path>.</Path>
			<FullName>./lint_cmake</FullName>
			<FullCommandLine>/usr/bin/python3 "-u" "/home/msurkip/ros2_foxy/ros2-linux/share/ament_cmake_test/cmake/run_test.py" "/home/msurkip/ros2_ws/build/examples_rclcpp_minimal_action_client/test_results/examples_rclcpp_minimal_action_client/lint_cmake.xunit.xml" "--package-name" "examples_rclcpp_minimal_action_client" "--output-file" "/home/msurkip/ros2_ws/build/examples_rclcpp_minimal_action_client/ament_lint_cmake/lint_cmake.txt" "--command" "/home/msurkip/ros2_foxy/ros2-linux/bin/ament_lint_cmake" "--xunit-file" "/home/msurkip/ros2_ws/build/examples_rclcpp_minimal_action_client/test_results/examples_rclcpp_minimal_action_client/lint_cmake.xunit.xml"</FullCommandLine>
			<Results>
				<NamedMeasurement type="numeric/double" name="Execution Time">
					<Value>0.129318</Value>
				</NamedMeasurement>
				<NamedMeasurement type="numeric/double" name="Processors">
					<Value>1</Value>
				</NamedMeasurement>
				<NamedMeasurement type="text/string" name="Completion Status">
					<Value>Completed</Value>
				</NamedMeasurement>
				<NamedMeasurement type="text/string" name="Command Line">
					<Value>/usr/bin/python3 "-u" "/home/msurkip/ros2_foxy/ros2-linux/share/ament_cmake_test/cmake/run_test.py" "/home/msurkip/ros2_ws/build/examples_rclcpp_minimal_action_client/test_results/examples_rclcpp_minimal_action_client/lint_cmake.xunit.xml" "--package-name" "examples_rclcpp_minimal_action_client" "--output-file" "/home/msurkip/ros2_ws/build/examples_rclcpp_minimal_action_client/ament_lint_cmake/lint_cmake.txt" "--command" "/home/msurkip/ros2_foxy/ros2-linux/bin/ament_lint_cmake" "--xunit-file" "/home/msurkip/ros2_ws/build/examples_rclcpp_minimal_action_client/test_results/examples_rclcpp_minimal_action_client/lint_cmake.xunit.xml"</Value>
				</NamedMeasurement>
				<Measurement>
					<Value>-- run_test.py: invoking following command in '/home/msurkip/ros2_ws/src/examples/rclcpp/actions/minimal_action_client':
 - /home/msurkip/ros2_foxy/ros2-linux/bin/ament_lint_cmake --xunit-file /home/msurkip/ros2_ws/build/examples_rclcpp_minimal_action_client/test_results/examples_rclcpp_minimal_action_client/lint_cmake.xunit.xml

No problems found
-- run_test.py: return code 0
-- run_test.py: verify result file '/home/msurkip/ros2_ws/build/examples_rclcpp_minimal_action_client/test_results/examples_rclcpp_minimal_action_client/lint_cmake.xunit.xml'
</Value>
				</Measurement>
			</Results>
			<Labels>
				<Label>lint_cmake</Label>
				<Label>linter</Label>
			</Labels>
		</Test>
		<Test Status="passed">
			<Name>uncrustify</Name>
			<Path>.</Path>
			<FullName>./uncrustify</FullName>
			<FullCommandLine>/usr/bin/python3 "-u" "/home/msurkip/ros2_foxy/ros2-linux/share/ament_cmake_test/cmake/run_test.py" "/home/msurkip/ros2_ws/build/examples_rclcpp_minimal_action_client/test_results/examples_rclcpp_minimal_action_client/uncrustify.xunit.xml" "--package-name" "examples_rclcpp_minimal_action_client" "--output-file" "/home/msurkip/ros2_ws/build/examples_rclcpp_minimal_action_client/ament_uncrustify/uncrustify.txt" "--command" "/home/msurkip/ros2_foxy/ros2-linux/bin/ament_uncrustify" "--xunit-file" "/home/msurkip/ros2_ws/build/examples_rclcpp_minimal_action_client/test_results/examples_rclcpp_minimal_action_client/uncrustify.xunit.xml"</FullCommandLine>
			<Results>
				<NamedMeasurement type="numeric/double" name="Execution Time">
					<Value>0.142866</Value>
				</NamedMeasurement>
				<NamedMeasurement type="numeric/double" name="Processors">
					<Value>1</Value>
				</NamedMeasurement>
				<NamedMeasurement type="text/string" name="Completion Status">
					<Value>Completed</Value>
				</NamedMeasurement>
				<NamedMeasurement type="text/string" name="Command Line">
					<Value>/usr/bin/python3 "-u" "/home/msurkip/ros2_foxy/ros2-linux/share/ament_cmake_test/cmake/run_test.py" "/home/msurkip/ros2_ws/build/examples_rclcpp_minimal_action_client/test_results/examples_rclcpp_minimal_action_client/uncrustify.xunit.xml" "--package-name" "examples_rclcpp_minimal_action_client" "--output-file" "/home/msurkip/ros2_ws/build/examples_rclcpp_minimal_action_client/ament_uncrustify/uncrustify.txt" "--command" "/home/msurkip/ros2_foxy/ros2-linux/bin/ament_uncrustify" "--xunit-file" "/home/msurkip/ros2_ws/build/examples_rclcpp_minimal_action_client/test_results/examples_rclcpp_minimal_action_client/uncrustify.xunit.xml"</Value>
				</NamedMeasurement>
				<Measurement>
					<Value>-- run_test.py: invoking following command in '/home/msurkip/ros2_ws/src/examples/rclcpp/actions/minimal_action_client':
 - /home/msurkip/ros2_foxy/ros2-linux/bin/ament_uncrustify --xunit-file /home/msurkip/ros2_ws/build/examples_rclcpp_minimal_action_client/test_results/examples_rclcpp_minimal_action_client/uncrustify.xunit.xml
No code style divergence in file 'member_functions.cpp'

No code style divergence in file 'not_composable.cpp'

No code style divergence in file 'not_composable_with_cancel.cpp'

No code style divergence in file 'not_composable_with_feedback.cpp'

No problems found
-- run_test.py: return code 0
-- run_test.py: verify result file '/home/msurkip/ros2_ws/build/examples_rclcpp_minimal_action_client/test_results/examples_rclcpp_minimal_action_client/uncrustify.xunit.xml'
</Value>
				</Measurement>
			</Results>
			<Labels>
				<Label>linter</Label>
				<Label>uncrustify</Label>
			</Labels>
		</Test>
		<Test Status="passed">
			<Name>xmllint</Name>
			<Path>.</Path>
			<FullName>./xmllint</FullName>
			<FullCommandLine>/usr/bin/python3 "-u" "/home/msurkip/ros2_foxy/ros2-linux/share/ament_cmake_test/cmake/run_test.py" "/home/msurkip/ros2_ws/build/examples_rclcpp_minimal_action_client/test_results/examples_rclcpp_minimal_action_client/xmllint.xunit.xml" "--package-name" "examples_rclcpp_minimal_action_client" "--output-file" "/home/msurkip/ros2_ws/build/examples_rclcpp_minimal_action_client/ament_xmllint/xmllint.txt" "--command" "/home/msurkip/ros2_foxy/ros2-linux/bin/ament_xmllint" "--xunit-file" "/home/msurkip/ros2_ws/build/examples_rclcpp_minimal_action_client/test_results/examples_rclcpp_minimal_action_client/xmllint.xunit.xml"</FullCommandLine>
			<Results>
				<NamedMeasurement type="numeric/double" name="Execution Time">
					<Value>0.701917</Value>
				</NamedMeasurement>
				<NamedMeasurement type="numeric/double" name="Processors">
					<Value>1</Value>
				</NamedMeasurement>
				<NamedMeasurement type="text/string" name="Completion Status">
					<Value>Completed</Value>
				</NamedMeasurement>
				<NamedMeasurement type="text/string" name="Command Line">
					<Value>/usr/bin/python3 "-u" "/home/msurkip/ros2_foxy/ros2-linux/share/ament_cmake_test/cmake/run_test.py" "/home/msurkip/ros2_ws/build/examples_rclcpp_minimal_action_client/test_results/examples_rclcpp_minimal_action_client/xmllint.xunit.xml" "--package-name" "examples_rclcpp_minimal_action_client" "--output-file" "/home/msurkip/ros2_ws/build/examples_rclcpp_minimal_action_client/ament_xmllint/xmllint.txt" "--command" "/home/msurkip/ros2_foxy/ros2-linux/bin/ament_xmllint" "--xunit-file" "/home/msurkip/ros2_ws/build/examples_rclcpp_minimal_action_client/test_results/examples_rclcpp_minimal_action_client/xmllint.xunit.xml"</Value>
				</NamedMeasurement>
				<Measurement>
					<Value>-- run_test.py: invoking following command in '/home/msurkip/ros2_ws/src/examples/rclcpp/actions/minimal_action_client':
 - /home/msurkip/ros2_foxy/ros2-linux/bin/ament_xmllint --xunit-file /home/msurkip/ros2_ws/build/examples_rclcpp_minimal_action_client/test_results/examples_rclcpp_minimal_action_client/xmllint.xunit.xml
File 'package.xml' is valid

No problems found
-- run_test.py: return code 0
-- run_test.py: verify result file '/home/msurkip/ros2_ws/build/examples_rclcpp_minimal_action_client/test_results/examples_rclcpp_minimal_action_client/xmllint.xunit.xml'
</Value>
				</Measurement>
			</Results>
			<Labels>
				<Label>linter</Label>
				<Label>xmllint</Label>
			</Labels>
		</Test>
		<EndDateTime>Feb 05 15:56 +10</EndDateTime>
		<EndTestTime>1675576570</EndTestTime>
		<ElapsedMinutes>0</ElapsedMinutes>
	</Testing>
</Site>
